[debug] [2022-06-08T02:23:02.793Z] ----------------------------------------------------------------------
[debug] [2022-06-08T02:23:02.795Z] Command:       C:\Program Files\nodejs\node.exe C:\Users\Dell\AppData\Roaming\npm\node_modules\firebase-tools\lib\bin\firebase.js init
[debug] [2022-06-08T02:23:02.795Z] CLI Version:   11.0.1
[debug] [2022-06-08T02:23:02.795Z] Platform:      win32
[debug] [2022-06-08T02:23:02.795Z] Node Version:  v16.15.0
[debug] [2022-06-08T02:23:02.796Z] Time:          Wed Jun 08 2022 07:53:02 GMT+0530 (India Standard Time)
[debug] [2022-06-08T02:23:02.796Z] ----------------------------------------------------------------------
[debug] 
[debug] [2022-06-08T02:23:02.803Z] > command requires scopes: ["email","openid","https://www.googleapis.com/auth/cloudplatformprojects.readonly","https://www.googleapis.com/auth/firebase","https://www.googleapis.com/auth/cloud-platform"]
[debug] [2022-06-08T02:23:02.803Z] > authorizing via signed-in user (riteshkumarverma2018@gmail.com)
[info] 
     ######## #### ########  ######## ########     ###     ######  ########
     ##        ##  ##     ## ##       ##     ##  ##   ##  ##       ##
     ######    ##  ########  ######   ########  #########  ######  ######
     ##        ##  ##    ##  ##       ##     ## ##     ##       ## ##
     ##       #### ##     ## ######## ########  ##     ##  ######  ########

You're about to initialize a Firebase project in this directory:

  D:\Web Projects\Amazon Clone\amazon-clone

[info] 
=== Project Setup
[info] 
[info] First, let's associate this project directory with a Firebase project.
[info] You can create multiple project aliases by running firebase use --add, 
[info] but for now we'll just set up a default project.
[info] 
[debug] [2022-06-08T02:23:15.923Z] >>> [apiv2][query] GET https://firebase.googleapis.com/v1beta1/projects pageSize=100
[debug] [2022-06-08T02:23:16.865Z] <<< [apiv2][status] GET https://firebase.googleapis.com/v1beta1/projects 200
[debug] [2022-06-08T02:23:16.865Z] <<< [apiv2][body] GET https://firebase.googleapis.com/v1beta1/projects [omitted]
[info] i  Using project challenge-2509f (amazon-challenge) 
[info] 
=== Hosting Setup
[info] 
[info] Your public directory is the folder (relative to your project directory) that
[info] will contain Hosting assets to be uploaded with firebase deploy. If you
[info] have a build process for your assets, use your build's output directory.
[info] 
[debug] [2022-06-08T02:24:19.117Z] >>> [apiv2][query] GET https://www.gstatic.com/firebasejs/releases.json [none]
[debug] [2022-06-08T02:24:19.337Z] <<< [apiv2][status] GET https://www.gstatic.com/firebasejs/releases.json 200
[debug] [2022-06-08T02:24:19.337Z] <<< [apiv2][body] GET https://www.gstatic.com/firebasejs/releases.json {"current":{"version":"9.8.2","browserURL":"https://www.gstatic.com/firebasejs/9.8.2/firebase.js","packageURL":"https://www.gstatic.com/firebasejs/9.8.2/firebase.tgz"},"live":{"version":"9.8","browserURL":"https://www.gstatic.com/firebasejs/live/9.8/firebase.js","packageURL":"https://www.gstatic.com/firebasejs/live/9.8/firebase.tgz"},"components":{"analytics":"https://www.gstatic.com/firebasejs/9.8.2/firebase-analytics.js","app":"https://www.gstatic.com/firebasejs/9.8.2/firebase-app.js","app-check":"https://www.gstatic.com/firebasejs/9.8.2/firebase-app-check.js","auth":"https://www.gstatic.com/firebasejs/9.8.2/firebase-auth.js","auth/cordova":"https://www.gstatic.com/firebasejs/9.8.2/firebase-auth/cordova.js","auth/react-native":"https://www.gstatic.com/firebasejs/9.8.2/firebase-auth/react-native.js","functions":"https://www.gstatic.com/firebasejs/9.8.2/firebase-functions.js","firestore":"https://www.gstatic.com/firebasejs/9.8.2/firebase-firestore.js","firestore/lite":"https://www.gstatic.com/firebasejs/9.8.2/firebase-firestore/lite.js","storage":"https://www.gstatic.com/firebasejs/9.8.2/firebase-storage.js","performance":"https://www.gstatic.com/firebasejs/9.8.2/firebase-performance.js","remote-config":"https://www.gstatic.com/firebasejs/9.8.2/firebase-remote-config.js","messaging":"https://www.gstatic.com/firebasejs/9.8.2/firebase-messaging.js","messaging/sw":"https://www.gstatic.com/firebasejs/9.8.2/firebase-messaging/sw.js","database":"https://www.gstatic.com/firebasejs/9.8.2/firebase-database.js","firestore.memory":"https://www.gstatic.com/firebasejs/9.8.2/firebase-firestore.memory.js"}}
[info] +  Wrote build/index.html 
[info] 
[info] i  Didn't detect a .git folder. Assuming D:\Web Projects\Amazon Clone\amazon-clone is the project root. 
[info] i  Authorizing with GitHub to upload your service account to a GitHub repository's secrets store. 
[info] 
[info] Visit this URL on this device to log in:
[info] https://github.com/login/oauth/authorize?client_id=89cf50f02ac6aaed3484&state=1024517041&redirect_uri=http%3A%2F%2Flocalhost%3A9005&scope=read%3Auser%20repo%20public_repo
[info] 
[info] Waiting for authentication...
[debug] [2022-06-08T02:24:33.383Z] >>> HTTP REQUEST POST https://github.com/login/oauth/access_token  
 {"client_id":"89cf50f02ac6aaed3484","client_secret":"3330d14abc895d9a74d5f17cd7a00711fa2c5bf0","code":"1adc61fe41ea3dc95a03","redirect_uri":"http://localhost:9005","state":"1024517041"}
[debug] [2022-06-08T02:24:33.812Z] <<< HTTP RESPONSE 200 {"server":"GitHub.com","date":"Wed, 08 Jun 2022 02:24:35 GMT","content-type":"application/json; charset=utf-8","transfer-encoding":"chunked","vary":"X-PJAX, X-PJAX-Container, Turbo-Visit, Turbo-Frame, Accept-Encoding, Accept, X-Requested-With","permissions-policy":"interest-cohort=()","etag":"W/\"1af9e52eee3414d74f8123ccbc724c0f\"","cache-control":"max-age=0, private, must-revalidate","strict-transport-security":"max-age=31536000; includeSubdomains; preload","x-frame-options":"deny","x-content-type-options":"nosniff","x-xss-protection":"0","referrer-policy":"origin-when-cross-origin, strict-origin-when-cross-origin","expect-ct":"max-age=2592000, report-uri=\"https://api.github.com/_private/browser/errors\"","content-security-policy":"default-src 'none'; base-uri 'self'; block-all-mixed-content; child-src github.com/assets-cdn/worker/ gist.github.com/assets-cdn/worker/; connect-src 'self' uploads.github.com objects-origin.githubusercontent.com www.githubstatus.com collector.github.com raw.githubusercontent.com api.github.com github-cloud.s3.amazonaws.com github-production-repository-file-5c1aeb.s3.amazonaws.com github-production-upload-manifest-file-7fdce7.s3.amazonaws.com github-production-user-asset-6210df.s3.amazonaws.com cdn.optimizely.com logx.optimizely.com/v1/events *.actions.githubusercontent.com wss://*.actions.githubusercontent.com online.visualstudio.com/api/v1/locations github-production-repository-image-32fea6.s3.amazonaws.com github-production-release-asset-2e65be.s3.amazonaws.com insights.github.com wss://alive.github.com; font-src github.githubassets.com; form-action 'self' github.com gist.github.com objects-origin.githubusercontent.com; frame-ancestors 'none'; frame-src render.githubusercontent.com viewscreen.githubusercontent.com notebooks.githubusercontent.com; img-src 'self' data: github.githubassets.com identicons.github.com github-cloud.s3.amazonaws.com secured-user-images.githubusercontent.com/ github-production-user-asset-6210df.s3.amazonaws.com *.githubusercontent.com; manifest-src 'self'; media-src github.com user-images.githubusercontent.com/; script-src github.githubassets.com; style-src 'unsafe-inline' github.githubassets.com; worker-src github.com/assets-cdn/worker/ gist.github.com/assets-cdn/worker/","x-github-request-id":"D5C8:7A14:1221A08:17E0614:62A00863"}
[debug] [2022-06-08T02:24:33.824Z] >>> [apiv2][query] GET https://api.github.com/user [none]
[debug] [2022-06-08T02:24:34.318Z] <<< [apiv2][status] GET https://api.github.com/user 200
[debug] [2022-06-08T02:24:34.319Z] <<< [apiv2][body] GET https://api.github.com/user {"login":"rkverma2001","id":71927382,"node_id":"MDQ6VXNlcjcxOTI3Mzgy","avatar_url":"https://avatars.githubusercontent.com/u/71927382?v=4","gravatar_id":"","url":"https://api.github.com/users/rkverma2001","html_url":"https://github.com/rkverma2001","followers_url":"https://api.github.com/users/rkverma2001/followers","following_url":"https://api.github.com/users/rkverma2001/following{/other_user}","gists_url":"https://api.github.com/users/rkverma2001/gists{/gist_id}","starred_url":"https://api.github.com/users/rkverma2001/starred{/owner}{/repo}","subscriptions_url":"https://api.github.com/users/rkverma2001/subscriptions","organizations_url":"https://api.github.com/users/rkverma2001/orgs","repos_url":"https://api.github.com/users/rkverma2001/repos","events_url":"https://api.github.com/users/rkverma2001/events{/privacy}","received_events_url":"https://api.github.com/users/rkverma2001/received_events","type":"User","site_admin":false,"name":"Ritesh Kumar","company":null,"blog":"","location":null,"email":null,"hireable":null,"bio":null,"twitter_username":null,"public_repos":0,"public_gists":0,"followers":0,"following":0,"created_at":"2020-09-26T10:56:32Z","updated_at":"2022-05-31T09:29:27Z","private_gists":0,"total_private_repos":1,"owned_private_repos":1,"disk_usage":0,"collaborators":0,"two_factor_authentication":false,"plan":{"name":"free","space":976562499,"collaborators":0,"private_repos":10000}}
[info] 
[info] +  Success! Logged into GitHub as rkverma2001 
[info] 
[debug] [2022-06-08T02:27:19.508Z] >>> [apiv2][query] GET https://api.github.com/repos/amazon_clone_fullstack/actions/secrets/public-key type=owner
[debug] [2022-06-08T02:27:19.959Z] <<< [apiv2][status] GET https://api.github.com/repos/amazon_clone_fullstack/actions/secrets/public-key 404
[debug] [2022-06-08T02:27:19.959Z] <<< [apiv2][body] GET https://api.github.com/repos/amazon_clone_fullstack/actions/secrets/public-key {"message":"Not Found","documentation_url":"https://docs.github.com/rest"}
[debug] [2022-06-08T02:27:20.680Z] >>> [apiv2][query] GET https://api.github.com/repos/amazon_clone_fullstack/actions/secrets/public-key type=owner
[debug] [2022-06-08T02:27:21.026Z] <<< [apiv2][status] GET https://api.github.com/repos/amazon_clone_fullstack/actions/secrets/public-key 404
[debug] [2022-06-08T02:27:21.027Z] <<< [apiv2][body] GET https://api.github.com/repos/amazon_clone_fullstack/actions/secrets/public-key {"message":"Not Found","documentation_url":"https://docs.github.com/rest"}
[debug] [2022-06-08T02:27:21.905Z] >>> [apiv2][query] GET https://api.github.com/repos/amazon_clone_fullstack/actions/secrets/public-key type=owner
[debug] [2022-06-08T02:27:22.245Z] <<< [apiv2][status] GET https://api.github.com/repos/amazon_clone_fullstack/actions/secrets/public-key 404
[debug] [2022-06-08T02:27:22.246Z] <<< [apiv2][body] GET https://api.github.com/repos/amazon_clone_fullstack/actions/secrets/public-key {"message":"Not Found","documentation_url":"https://docs.github.com/rest"}
[debug] [2022-06-08T02:27:25.159Z] >>> [apiv2][query] GET https://api.github.com/repos/amazon_clone_fullstack/actions/secrets/public-key type=owner
[debug] [2022-06-08T02:27:25.390Z] >>> [apiv2][query] GET https://api.github.com/repos//actions/secrets/public-key type=owner
[debug] [2022-06-08T02:27:25.502Z] <<< [apiv2][status] GET https://api.github.com/repos/amazon_clone_fullstack/actions/secrets/public-key 404
[debug] [2022-06-08T02:27:25.503Z] <<< [apiv2][body] GET https://api.github.com/repos/amazon_clone_fullstack/actions/secrets/public-key {"message":"Not Found","documentation_url":"https://docs.github.com/rest"}
[debug] [2022-06-08T02:27:25.729Z] <<< [apiv2][status] GET https://api.github.com/repos//actions/secrets/public-key 404
[debug] [2022-06-08T02:27:25.729Z] <<< [apiv2][body] GET https://api.github.com/repos//actions/secrets/public-key {"message":"Not Found","documentation_url":"https://docs.github.com/rest"}
[debug] [2022-06-08T02:30:37.986Z] >>> [apiv2][query] GET https://api.github.com/repos/amazon_clone_fullstack/actions/secrets/public-key type=owner
[debug] [2022-06-08T02:30:38.356Z] <<< [apiv2][status] GET https://api.github.com/repos/amazon_clone_fullstack/actions/secrets/public-key 404
[debug] [2022-06-08T02:30:38.357Z] <<< [apiv2][body] GET https://api.github.com/repos/amazon_clone_fullstack/actions/secrets/public-key {"message":"Not Found","documentation_url":"https://docs.github.com/rest"}
[debug] [2022-06-08T02:30:50.138Z] >>> [apiv2][query] GET https://api.github.com/repos//actions/secrets/public-key type=owner
[debug] [2022-06-08T02:30:50.484Z] <<< [apiv2][status] GET https://api.github.com/repos//actions/secrets/public-key 404
[debug] [2022-06-08T02:30:50.485Z] <<< [apiv2][body] GET https://api.github.com/repos//actions/secrets/public-key {"message":"Not Found","documentation_url":"https://docs.github.com/rest"}
[debug] [2022-06-08T02:30:50.586Z] >>> [apiv2][query] GET https://api.github.com/repos//actions/secrets/public-key type=owner
[debug] [2022-06-08T02:30:50.924Z] <<< [apiv2][status] GET https://api.github.com/repos//actions/secrets/public-key 404
[debug] [2022-06-08T02:30:50.924Z] <<< [apiv2][body] GET https://api.github.com/repos//actions/secrets/public-key {"message":"Not Found","documentation_url":"https://docs.github.com/rest"}
